# JRE version: Java(TM) SE Runtime Environment (7.0_79-b15) (build 1.7.0_79-b15)
# Java VM: Java HotSpot(TM) 64-Bit Server VM (24.79-b02 mixed mode bsd-amd64 compressed oops)
Heap
 PSYoungGen      total 38912K, used 26344K [0x000000013f280000, 0x0000000141d80000, 0x0000000154800000)
  eden space 33792K, 62% used [0x000000013f280000,0x0000000140742250,0x0000000141380000)
  from space 5120K, 99% used [0x0000000141380000,0x0000000141878048,0x0000000141880000)
  to   space 5120K, 0% used [0x0000000141880000,0x0000000141880000,0x0000000141d80000)
 ParOldGen       total 87040K, used 9642K [0x0000000114800000, 0x0000000119d00000, 0x000000013f280000)
  object space 87040K, 11% used [0x0000000114800000,0x000000011516a8e8,0x0000000119d00000)
 PSPermGen       total 21504K, used 6081K [0x000000010f600000, 0x0000000110b00000, 0x0000000114800000)
  object space 21504K, 28% used [0x000000010f600000,0x000000010fbf05b8,0x0000000110b00000)
GC Heap History (6 events):
Event: 2.728 GC heap before
{Heap before GC invocations=1 (full 0):
 PSYoungGen      total 38912K, used 33792K [0x000000013f280000, 0x0000000141d80000, 0x0000000154800000)
  eden space 33792K, 100% used [0x000000013f280000,0x0000000141380000,0x0000000141380000)
  from space 5120K, 0% used [0x0000000141880000,0x0000000141880000,0x0000000141d80000)
  to   space 5120K, 0% used [0x0000000141380000,0x0000000141380000,0x0000000141880000)
 ParOldGen       total 87040K, used 0K [0x0000000114800000, 0x0000000119d00000, 0x000000013f280000)
  object space 87040K, 0% used [0x0000000114800000,0x0000000114800000,0x0000000119d00000)
 PSPermGen       total 21504K, used 5722K [0x000000010f600000, 0x0000000110b00000, 0x0000000114800000)
  object space 21504K, 26% used [0x000000010f600000,0x000000010fb96a40,0x0000000110b00000)
Event: 2.738 GC heap after
Heap after GC invocations=1 (full 0):
 PSYoungGen      total 38912K, used 5091K [0x000000013f280000, 0x0000000141d80000, 0x0000000154800000)
  eden space 33792K, 0% used [0x000000013f280000,0x000000013f280000,0x0000000141380000)
  from space 5120K, 99% used [0x0000000141380000,0x0000000141878eb8,0x0000000141880000)
  to   space 5120K, 0% used [0x0000000141880000,0x0000000141880000,0x0000000141d80000)
 ParOldGen       total 87040K, used 649K [0x0000000114800000, 0x0000000119d00000, 0x000000013f280000)
  object space 87040K, 0% used [0x0000000114800000,0x00000001148a25f8,0x0000000119d00000)
 PSPermGen       total 21504K, used 5722K [0x000000010f600000, 0x0000000110b00000, 0x0000000114800000)
  object space 21504K, 26% used [0x000000010f600000,0x000000010fb96a40,0x0000000110b00000)
}
Event: 4.891 GC heap before
{Heap before GC invocations=2 (full 0):
 PSYoungGen      total 38912K, used 38883K [0x000000013f280000, 0x0000000141d80000, 0x0000000154800000)
  eden space 33792K, 100% used [0x000000013f280000,0x0000000141380000,0x0000000141380000)
  from space 5120K, 99% used [0x0000000141380000,0x0000000141878eb8,0x0000000141880000)
  to   space 5120K, 0% used [0x0000000141880000,0x0000000141880000,0x0000000141d80000)
 ParOldGen       total 87040K, used 649K [0x0000000114800000, 0x0000000119d00000, 0x000000013f280000)
  object space 87040K, 0% used [0x0000000114800000,0x00000001148a25f8,0x0000000119d00000)
 PSPermGen       total 21504K, used 5890K [0x000000010f600000, 0x0000000110b00000, 0x0000000114800000)
  object space 21504K, 27% used [0x000000010f600000,0x000000010fbc0ba0,0x0000000110b00000)
Event: 4.905 GC heap after
Heap after GC invocations=2 (full 0):
 PSYoungGen      total 38912K, used 5095K [0x000000013f280000, 0x0000000141d80000, 0x0000000154800000)
  eden space 33792K, 0% used [0x000000013f280000,0x000000013f280000,0x0000000141380000)
  from space 5120K, 99% used [0x0000000141880000,0x0000000141d79c98,0x0000000141d80000)
  to   space 5120K, 0% used [0x0000000141380000,0x0000000141380000,0x0000000141880000)
 ParOldGen       total 87040K, used 4378K [0x0000000114800000, 0x0000000119d00000, 0x000000013f280000)
  object space 87040K, 5% used [0x0000000114800000,0x0000000114c46bc8,0x0000000119d00000)
 PSPermGen       total 21504K, used 5890K [0x000000010f600000, 0x0000000110b00000, 0x0000000114800000)
  object space 21504K, 27% used [0x000000010f600000,0x000000010fbc0ba0,0x0000000110b00000)
}
Event: 7.075 GC heap before
{Heap before GC invocations=3 (full 0):
 PSYoungGen      total 38912K, used 38887K [0x000000013f280000, 0x0000000141d80000, 0x0000000154800000)
  eden space 33792K, 100% used [0x000000013f280000,0x0000000141380000,0x0000000141380000)
  from space 5120K, 99% used [0x0000000141880000,0x0000000141d79c98,0x0000000141d80000)
  to   space 5120K, 0% used [0x0000000141380000,0x0000000141380000,0x0000000141880000)
 ParOldGen       total 87040K, used 4378K [0x0000000114800000, 0x0000000119d00000, 0x000000013f280000)
  object space 87040K, 5% used [0x0000000114800000,0x0000000114c46bc8,0x0000000119d00000)
 PSPermGen       total 21504K, used 5939K [0x000000010f600000, 0x0000000110b00000, 0x0000000114800000)
  object space 21504K, 27% used [0x000000010f600000,0x000000010fbccdc8,0x0000000110b00000)
Event: 7.089 GC heap after
Heap after GC invocations=3 (full 0):
 PSYoungGen      total 38912K, used 5088K [0x000000013f280000, 0x0000000141d80000, 0x0000000154800000)
  eden space 33792K, 0% used [0x000000013f280000,0x000000013f280000,0x0000000141380000)
  from space 5120K, 99% used [0x0000000141380000,0x0000000141878048,0x0000000141880000)
  to   space 5120K, 0% used [0x0000000141880000,0x0000000141880000,0x0000000141d80000)
 ParOldGen       total 87040K, used 9642K [0x0000000114800000, 0x0000000119d00000, 0x000000013f280000)
  object space 87040K, 11% used [0x0000000114800000,0x000000011516a8e8,0x0000000119d00000)
 PSPermGen       total 21504K, used 5939K [0x000000010f600000, 0x0000000110b00000, 0x0000000114800000)
  object space 21504K, 27% used [0x000000010f600000,0x000000010fbccdc8,0x0000000110b00000)
}

