# JRE version: Java(TM) SE Runtime Environment (7.0_79-b15) (build 1.7.0_79-b15)
# Java VM: Java HotSpot(TM) 64-Bit Server VM (24.79-b02 mixed mode bsd-amd64 compressed oops)
Heap
 PSYoungGen      total 79872K, used 45890K [0x0000000141000000, 0x0000000146c00000, 0x0000000156580000)
  eden space 67072K, 52% used [0x0000000141000000,0x000000014326c540,0x0000000145180000)
  from space 12800K, 83% used [0x0000000145e80000,0x00000001468e4470,0x0000000146b00000)
  to   space 13312K, 0% used [0x0000000145180000,0x0000000145180000,0x0000000145e80000)
 ParOldGen       total 87040K, used 19876K [0x0000000116580000, 0x000000011ba80000, 0x0000000141000000)
  object space 87040K, 22% used [0x0000000116580000,0x00000001178e9210,0x000000011ba80000)
 PSPermGen       total 21504K, used 6033K [0x0000000111380000, 0x0000000112880000, 0x0000000116580000)
  object space 21504K, 28% used [0x0000000111380000,0x0000000111964420,0x0000000112880000)
GC Heap History (10 events):
Event: 7.920 GC heap before
{Heap before GC invocations=2 (full 0):
 PSYoungGen      total 38912K, used 38906K [0x0000000141000000, 0x0000000143b00000, 0x0000000156580000)
  eden space 33792K, 100% used [0x0000000141000000,0x0000000143100000,0x0000000143100000)
  from space 5120K, 99% used [0x0000000143100000,0x00000001435feac8,0x0000000143600000)
  to   space 5120K, 0% used [0x0000000143600000,0x0000000143600000,0x0000000143b00000)
 ParOldGen       total 87040K, used 1540K [0x0000000116580000, 0x000000011ba80000, 0x0000000141000000)
  object space 87040K, 1% used [0x0000000116580000,0x00000001167010b0,0x000000011ba80000)
 PSPermGen       total 21504K, used 5864K [0x0000000111380000, 0x0000000112880000, 0x0000000116580000)
  object space 21504K, 27% used [0x0000000111380000,0x000000011193a300,0x0000000112880000)
Event: 7.941 GC heap after
Heap after GC invocations=2 (full 0):
 PSYoungGen      total 38912K, used 5095K [0x0000000141000000, 0x0000000143b00000, 0x0000000156580000)
  eden space 33792K, 0% used [0x0000000141000000,0x0000000141000000,0x0000000143100000)
  from space 5120K, 99% used [0x0000000143600000,0x0000000143af9c98,0x0000000143b00000)
  to   space 5120K, 0% used [0x0000000143100000,0x0000000143100000,0x0000000143600000)
 ParOldGen       total 87040K, used 3849K [0x0000000116580000, 0x000000011ba80000, 0x0000000141000000)
  object space 87040K, 4% used [0x0000000116580000,0x00000001169426c0,0x000000011ba80000)
 PSPermGen       total 21504K, used 5864K [0x0000000111380000, 0x0000000112880000, 0x0000000116580000)
  object space 21504K, 27% used [0x0000000111380000,0x000000011193a300,0x0000000112880000)
}
Event: 10.245 GC heap before
{Heap before GC invocations=3 (full 0):
 PSYoungGen      total 38912K, used 38887K [0x0000000141000000, 0x0000000143b00000, 0x0000000156580000)
  eden space 33792K, 100% used [0x0000000141000000,0x0000000143100000,0x0000000143100000)
  from space 5120K, 99% used [0x0000000143600000,0x0000000143af9c98,0x0000000143b00000)
  to   space 5120K, 0% used [0x0000000143100000,0x0000000143100000,0x0000000143600000)
 ParOldGen       total 87040K, used 3849K [0x0000000116580000, 0x000000011ba80000, 0x0000000141000000)
  object space 87040K, 4% used [0x0000000116580000,0x00000001169426c0,0x000000011ba80000)
 PSPermGen       total 21504K, used 5905K [0x0000000111380000, 0x0000000112880000, 0x0000000116580000)
  object space 21504K, 27% used [0x0000000111380000,0x00000001119445d8,0x0000000112880000)
Event: 10.272 GC heap after
Heap after GC invocations=3 (full 0):
 PSYoungGen      total 38912K, used 5115K [0x0000000141000000, 0x0000000143b00000, 0x0000000156580000)
  eden space 33792K, 0% used [0x0000000141000000,0x0000000141000000,0x0000000143100000)
  from space 5120K, 99% used [0x0000000143100000,0x00000001435feda8,0x0000000143600000)
  to   space 5120K, 0% used [0x0000000143600000,0x0000000143600000,0x0000000143b00000)
 ParOldGen       total 87040K, used 8929K [0x0000000116580000, 0x000000011ba80000, 0x0000000141000000)
  object space 87040K, 10% used [0x0000000116580000,0x0000000116e38630,0x000000011ba80000)
 PSPermGen       total 21504K, used 5905K [0x0000000111380000, 0x0000000112880000, 0x0000000116580000)
  object space 21504K, 27% used [0x0000000111380000,0x00000001119445d8,0x0000000112880000)
}
Event: 12.174 GC heap before
{Heap before GC invocations=4 (full 0):
 PSYoungGen      total 38912K, used 38907K [0x0000000141000000, 0x0000000143b00000, 0x0000000156580000)
  eden space 33792K, 100% used [0x0000000141000000,0x0000000143100000,0x0000000143100000)
  from space 5120K, 99% used [0x0000000143100000,0x00000001435feda8,0x0000000143600000)
  to   space 5120K, 0% used [0x0000000143600000,0x0000000143600000,0x0000000143b00000)
 ParOldGen       total 87040K, used 8929K [0x0000000116580000, 0x000000011ba80000, 0x0000000141000000)
  object space 87040K, 10% used [0x0000000116580000,0x0000000116e38630,0x000000011ba80000)
 PSPermGen       total 21504K, used 5924K [0x0000000111380000, 0x0000000112880000, 0x0000000116580000)
  object space 21504K, 27% used [0x0000000111380000,0x0000000111949238,0x0000000112880000)
Event: 12.201 GC heap after
Heap after GC invocations=4 (full 0):
 PSYoungGen      total 38912K, used 5098K [0x0000000141000000, 0x0000000143b00000, 0x0000000156580000)
  eden space 33792K, 0% used [0x0000000141000000,0x0000000141000000,0x0000000143100000)
  from space 5120K, 99% used [0x0000000143600000,0x0000000143afa9b0,0x0000000143b00000)
  to   space 5120K, 0% used [0x0000000143100000,0x0000000143100000,0x0000000143600000)
 ParOldGen       total 87040K, used 14245K [0x0000000116580000, 0x000000011ba80000, 0x0000000141000000)
  object space 87040K, 16% used [0x0000000116580000,0x00000001173694e8,0x000000011ba80000)
 PSPermGen       total 21504K, used 5924K [0x0000000111380000, 0x0000000112880000, 0x0000000116580000)
  object space 21504K, 27% used [0x0000000111380000,0x0000000111949238,0x0000000112880000)
}
Event: 13.856 GC heap before
{Heap before GC invocations=5 (full 0):
 PSYoungGen      total 38912K, used 38858K [0x0000000141000000, 0x0000000143b00000, 0x0000000156580000)
  eden space 33792K, 99% used [0x0000000141000000,0x00000001430f81f0,0x0000000143100000)
  from space 5120K, 99% used [0x0000000143600000,0x0000000143afa9b0,0x0000000143b00000)
  to   space 5120K, 0% used [0x0000000143100000,0x0000000143100000,0x0000000143600000)
 ParOldGen       total 87040K, used 14245K [0x0000000116580000, 0x000000011ba80000, 0x0000000141000000)
  object space 87040K, 16% used [0x0000000116580000,0x00000001173694e8,0x000000011ba80000)
 PSPermGen       total 21504K, used 5945K [0x0000000111380000, 0x0000000112880000, 0x0000000116580000)
  object space 21504K, 27% used [0x0000000111380000,0x000000011194e7a8,0x0000000112880000)
Event: 13.887 GC heap after
Heap after GC invocations=5 (full 0):
 PSYoungGen      total 38912K, used 5115K [0x0000000141000000, 0x0000000146b00000, 0x0000000156580000)
  eden space 33792K, 0% used [0x0000000141000000,0x0000000141000000,0x0000000143100000)
  from space 5120K, 99% used [0x0000000143100000,0x00000001435fed98,0x0000000143600000)
  to   space 12800K, 0% used [0x0000000145e80000,0x0000000145e80000,0x0000000146b00000)
 ParOldGen       total 87040K, used 19876K [0x0000000116580000, 0x000000011ba80000, 0x0000000141000000)
  object space 87040K, 22% used [0x0000000116580000,0x00000001178e9210,0x000000011ba80000)
 PSPermGen       total 21504K, used 5945K [0x0000000111380000, 0x0000000112880000, 0x0000000116580000)
  object space 21504K, 27% used [0x0000000111380000,0x000000011194e7a8,0x0000000112880000)
}
Event: 15.879 GC heap before
{Heap before GC invocations=6 (full 0):
 PSYoungGen      total 38912K, used 38907K [0x0000000141000000, 0x0000000146b00000, 0x0000000156580000)
  eden space 33792K, 100% used [0x0000000141000000,0x0000000143100000,0x0000000143100000)
  from space 5120K, 99% used [0x0000000143100000,0x00000001435fed98,0x0000000143600000)
  to   space 12800K, 0% used [0x0000000145e80000,0x0000000145e80000,0x0000000146b00000)
 ParOldGen       total 87040K, used 19876K [0x0000000116580000, 0x000000011ba80000, 0x0000000141000000)
  object space 87040K, 22% used [0x0000000116580000,0x00000001178e9210,0x000000011ba80000)
 PSPermGen       total 21504K, used 5973K [0x0000000111380000, 0x0000000112880000, 0x0000000116580000)
  object space 21504K, 27% used [0x0000000111380000,0x0000000111955690,0x0000000112880000)
Event: 15.909 GC heap after
Heap after GC invocations=6 (full 0):
 PSYoungGen      total 79872K, used 10641K [0x0000000141000000, 0x0000000146c00000, 0x0000000156580000)
  eden space 67072K, 0% used [0x0000000141000000,0x0000000141000000,0x0000000145180000)
  from space 12800K, 83% used [0x0000000145e80000,0x00000001468e4470,0x0000000146b00000)
  to   space 13312K, 0% used [0x0000000145180000,0x0000000145180000,0x0000000145e80000)
 ParOldGen       total 87040K, used 19876K [0x0000000116580000, 0x000000011ba80000, 0x0000000141000000)
  object space 87040K, 22% used [0x0000000116580000,0x00000001178e9210,0x000000011ba80000)
 PSPermGen       total 21504K, used 5973K [0x0000000111380000, 0x0000000112880000, 0x0000000116580000)
  object space 21504K, 27% used [0x0000000111380000,0x0000000111955690,0x0000000112880000)
}

